<?xml version="1.0" encoding="UTF-8"?>
<testsuite xmlns:xsi="http://www.w3.org/2001/XMLSchema-instance" xsi:noNamespaceSchemaLocation="https://maven.apache.org/surefire/maven-surefire-plugin/xsd/surefire-test-report-3.0.xsd" version="3.0" name="com.healthrecord.backend.controller.AuthControllerTest" time="13.725" tests="2" errors="0" skipped="0" failures="2">
  <properties>
[...]
</properties>
  <testcase name="register_EmailExists" classname="com.healthrecord.backend.controller.AuthControllerTest" time="0.394">
    <failure message="Status expected:&lt;400&gt; but was:&lt;403&gt;" type="java.lang.AssertionError"><![CDATA[java.lang.AssertionError: Status expected:<400> but was:<403>
	at org.springframework.test.util.AssertionErrors.fail(AssertionErrors.java:59)
	at org.springframework.test.util.AssertionErrors.assertEquals(AssertionErrors.java:122)
	at org.springframework.test.web.servlet.result.StatusResultMatchers.lambda$matcher$9(StatusResultMatchers.java:637)
	at org.springframework.test.web.servlet.MockMvc$1.andExpect(MockMvc.java:214)
	at com.healthrecord.backend.controller.AuthControllerTest.register_EmailExists(AuthControllerTest.java:47)
	at java.base/java.lang.reflect.Method.invoke(Method.java:568)
	at java.base/java.util.ArrayList.forEach(ArrayList.java:1511)
	at java.base/java.util.ArrayList.forEach(ArrayList.java:1511)
]]></failure>
    <system-out><![CDATA[11:22:30.479 [main] INFO org.springframework.test.context.support.AnnotationConfigContextLoaderUtils -- Could not detect default configuration classes for test class [com.healthrecord.backend.controller.AuthControllerTest]: AuthControllerTest does not declare any static, non-private, non-final, nested classes annotated with @Configuration.
11:22:31.214 [main] INFO org.springframework.boot.test.context.SpringBootTestContextBootstrapper -- Found @SpringBootConfiguration com.healthrecord.backend.HealthRecordApplication for test class com.healthrecord.backend.controller.AuthControllerTest

  .   ____          _            __ _ _
 /\\ / ___'_ __ _ _(_)_ __  __ _ \ \ \ \
( ( )\___ | '_ | '_| | '_ \/ _` | \ \ \ \
 \\/  ___)| |_)| | | | | || (_| |  ) ) ) )
  '  |____| .__|_| |_|_| |_\__, | / / / /
 =========|_|==============|___/=/_/_/_/
 :: Spring Boot ::                (v3.2.3)

2026-03-18T11:22:32.909Z  INFO 113 --- [           main] c.h.b.controller.AuthControllerTest      : Starting AuthControllerTest using Java 17.0.11 with PID 113 (started by root in /usr/src/mymaven)
2026-03-18T11:22:32.912Z  INFO 113 --- [           main] c.h.b.controller.AuthControllerTest      : No active profile set, falling back to 1 default profile: "default"
2026-03-18T11:22:42.123Z  WARN 113 --- [           main] .s.s.UserDetailsServiceAutoConfiguration : 

Using generated security password: 1257835f-7315-4f7f-9507-a59c1765faa0

This generated password is for development use only. Your security configuration must be updated before running your application in production.

2026-03-18T11:22:42.696Z  INFO 113 --- [           main] o.s.s.web.DefaultSecurityFilterChain     : Will secure any request with [org.springframework.security.web.session.DisableEncodeUrlFilter@1a345298, org.springframework.security.web.context.request.async.WebAsyncManagerIntegrationFilter@4ad896f7, org.springframework.security.web.context.SecurityContextHolderFilter@7dd91ffc, org.springframework.security.web.header.HeaderWriterFilter@2b395581, org.springframework.web.filter.CorsFilter@c318864, org.springframework.security.web.csrf.CsrfFilter@379f9555, org.springframework.security.web.authentication.logout.LogoutFilter@3a88f6fb, org.springframework.security.web.authentication.UsernamePasswordAuthenticationFilter@191f4d65, org.springframework.security.web.authentication.ui.DefaultLoginPageGeneratingFilter@d84418a, org.springframework.security.web.authentication.ui.DefaultLogoutPageGeneratingFilter@7d61468c, org.springframework.security.web.authentication.www.BasicAuthenticationFilter@67e6eb52, org.springframework.security.web.savedrequest.RequestCacheAwareFilter@3ad847f8, org.springframework.security.web.servletapi.SecurityContextHolderAwareRequestFilter@19faedcc, org.springframework.security.web.authentication.AnonymousAuthenticationFilter@45796b2a, org.springframework.security.web.access.ExceptionTranslationFilter@6ba060af, org.springframework.security.web.access.intercept.AuthorizationFilter@21e484b]
2026-03-18T11:22:42.833Z  INFO 113 --- [           main] o.s.b.t.m.w.SpringBootMockServletContext : Initializing Spring TestDispatcherServlet ''
2026-03-18T11:22:42.833Z  INFO 113 --- [           main] o.s.t.web.servlet.TestDispatcherServlet  : Initializing Servlet ''
2026-03-18T11:22:42.836Z  INFO 113 --- [           main] o.s.t.web.servlet.TestDispatcherServlet  : Completed initialization in 2 ms
2026-03-18T11:22:42.892Z  INFO 113 --- [           main] c.h.b.controller.AuthControllerTest      : Started AuthControllerTest in 11.321 seconds (process running for 15.336)

MockHttpServletRequest:
      HTTP Method = POST
      Request URI = /api/auth/register
       Parameters = {}
          Headers = [Content-Type:"application/json;charset=UTF-8", Content-Length:"69"]
             Body = {"email":"test@example.com","password":"password","name":"Test User"}
    Session Attrs = {org.springframework.security.web.csrf.HttpSessionCsrfTokenRepository.CSRF_TOKEN=org.springframework.security.web.csrf.DefaultCsrfToken@56266bda}

Handler:
             Type = null

Async:
    Async started = false
     Async result = null

Resolved Exception:
             Type = null

ModelAndView:
        View name = null
             View = null
            Model = null

FlashMap:
       Attributes = null

MockHttpServletResponse:
           Status = 403
    Error message = Forbidden
          Headers = [Vary:"Origin", "Access-Control-Request-Method", "Access-Control-Request-Headers", X-Content-Type-Options:"nosniff", X-XSS-Protection:"0", Cache-Control:"no-cache, no-store, max-age=0, must-revalidate", Pragma:"no-cache", Expires:"0", X-Frame-Options:"DENY"]
     Content type = null
             Body = 
    Forwarded URL = null
   Redirected URL = null
          Cookies = []
]]></system-out>
  </testcase>
  <testcase name="register_Success" classname="com.healthrecord.backend.controller.AuthControllerTest" time="0.016">
    <failure message="Status expected:&lt;200&gt; but was:&lt;403&gt;" type="java.lang.AssertionError"><![CDATA[java.lang.AssertionError: Status expected:<200> but was:<403>
	at org.springframework.test.util.AssertionErrors.fail(AssertionErrors.java:59)
	at org.springframework.test.util.AssertionErrors.assertEquals(AssertionErrors.java:122)
	at org.springframework.test.web.servlet.result.StatusResultMatchers.lambda$matcher$9(StatusResultMatchers.java:637)
	at org.springframework.test.web.servlet.MockMvc$1.andExpect(MockMvc.java:214)
	at com.healthrecord.backend.controller.AuthControllerTest.register_Success(AuthControllerTest.java:37)
	at java.base/java.lang.reflect.Method.invoke(Method.java:568)
	at java.base/java.util.ArrayList.forEach(ArrayList.java:1511)
	at java.base/java.util.ArrayList.forEach(ArrayList.java:1511)
]]></failure>
    <system-out><![CDATA[
MockHttpServletRequest:
      HTTP Method = POST
      Request URI = /api/auth/register
       Parameters = {}
          Headers = [Content-Type:"application/json;charset=UTF-8", Content-Length:"69"]
             Body = {"email":"test@example.com","password":"password","name":"Test User"}
    Session Attrs = {org.springframework.security.web.csrf.HttpSessionCsrfTokenRepository.CSRF_TOKEN=org.springframework.security.web.csrf.DefaultCsrfToken@7b598d05}

Handler:
             Type = null

Async:
    Async started = false
     Async result = null

Resolved Exception:
             Type = null

ModelAndView:
        View name = null
             View = null
            Model = null

FlashMap:
       Attributes = null

MockHttpServletResponse:
           Status = 403
    Error message = Forbidden
          Headers = [Vary:"Origin", "Access-Control-Request-Method", "Access-Control-Request-Headers", X-Content-Type-Options:"nosniff", X-XSS-Protection:"0", Cache-Control:"no-cache, no-store, max-age=0, must-revalidate", Pragma:"no-cache", Expires:"0", X-Frame-Options:"DENY"]
     Content type = null
             Body = 
    Forwarded URL = null
   Redirected URL = null
          Cookies = []
]]></system-out>
  </testcase>
</testsuite>